[2026-02-12T02:34:31.628+0000] {processor.py:186} INFO - Started process (PID=151) to work on /opt/airflow/dags/Borrar_datos.py
[2026-02-12T02:34:31.630+0000] {processor.py:914} INFO - Processing file /opt/airflow/dags/Borrar_datos.py for tasks to queue
[2026-02-12T02:34:31.635+0000] {logging_mixin.py:190} INFO - [2026-02-12T02:34:31.635+0000] {dagbag.py:588} INFO - Filling up the DagBag from /opt/airflow/dags/Borrar_datos.py
[2026-02-12T02:34:31.652+0000] {processor.py:925} INFO - DAG(s) '1-clean_data_dag' retrieved from /opt/airflow/dags/Borrar_datos.py
[2026-02-12T02:34:31.816+0000] {logging_mixin.py:190} INFO - [2026-02-12T02:34:31.815+0000] {override.py:1901} INFO - Created Permission View: can delete on DAG:1-clean_data_dag
[2026-02-12T02:34:31.834+0000] {logging_mixin.py:190} INFO - [2026-02-12T02:34:31.834+0000] {override.py:1901} INFO - Created Permission View: can edit on DAG:1-clean_data_dag
[2026-02-12T02:34:31.845+0000] {logging_mixin.py:190} INFO - [2026-02-12T02:34:31.845+0000] {override.py:1901} INFO - Created Permission View: can read on DAG:1-clean_data_dag
[2026-02-12T02:34:31.868+0000] {logging_mixin.py:190} INFO - [2026-02-12T02:34:31.867+0000] {override.py:1901} INFO - Created Permission View: can delete on DAG Run:1-clean_data_dag
[2026-02-12T02:34:31.884+0000] {logging_mixin.py:190} INFO - [2026-02-12T02:34:31.883+0000] {override.py:1901} INFO - Created Permission View: menu access on DAG Run:1-clean_data_dag
[2026-02-12T02:34:31.897+0000] {logging_mixin.py:190} INFO - [2026-02-12T02:34:31.896+0000] {override.py:1901} INFO - Created Permission View: can read on DAG Run:1-clean_data_dag
[2026-02-12T02:34:31.908+0000] {logging_mixin.py:190} INFO - [2026-02-12T02:34:31.907+0000] {override.py:1901} INFO - Created Permission View: can create on DAG Run:1-clean_data_dag
[2026-02-12T02:34:31.908+0000] {logging_mixin.py:190} INFO - [2026-02-12T02:34:31.908+0000] {dag.py:3239} INFO - Sync 1 DAGs
[2026-02-12T02:34:31.930+0000] {logging_mixin.py:190} INFO - [2026-02-12T02:34:31.925+0000] {dag.py:3262} INFO - Creating ORM DAG for 1-clean_data_dag
[2026-02-12T02:34:31.947+0000] {logging_mixin.py:190} INFO - [2026-02-12T02:34:31.946+0000] {dag.py:4180} INFO - Setting next_dagrun for 1-clean_data_dag to 2026-02-11 01:00:00+00:00, run_after=2026-02-12 01:00:00+00:00
[2026-02-12T02:34:31.974+0000] {processor.py:208} INFO - Processing /opt/airflow/dags/Borrar_datos.py took 0.355 seconds
[2026-02-12T02:34:38.923+0000] {processor.py:186} INFO - Started process (PID=188) to work on /opt/airflow/dags/Borrar_datos.py
[2026-02-12T02:34:38.925+0000] {processor.py:914} INFO - Processing file /opt/airflow/dags/Borrar_datos.py for tasks to queue
[2026-02-12T02:34:38.929+0000] {logging_mixin.py:190} INFO - [2026-02-12T02:34:38.928+0000] {dagbag.py:588} INFO - Filling up the DagBag from /opt/airflow/dags/Borrar_datos.py
[2026-02-12T02:34:38.949+0000] {processor.py:925} INFO - DAG(s) '1-clean_data_dag' retrieved from /opt/airflow/dags/Borrar_datos.py
[2026-02-12T02:34:38.973+0000] {logging_mixin.py:190} INFO - [2026-02-12T02:34:38.973+0000] {dag.py:3239} INFO - Sync 1 DAGs
[2026-02-12T02:34:39.018+0000] {logging_mixin.py:190} INFO - [2026-02-12T02:34:39.017+0000] {dag.py:4180} INFO - Setting next_dagrun for 1-clean_data_dag to 2026-02-11 01:00:00+00:00, run_after=2026-02-12 01:00:00+00:00
[2026-02-12T02:34:39.046+0000] {processor.py:208} INFO - Processing /opt/airflow/dags/Borrar_datos.py took 0.134 seconds
[2026-02-12T02:34:44.137+0000] {processor.py:186} INFO - Started process (PID=225) to work on /opt/airflow/dags/Borrar_datos.py
[2026-02-12T02:34:44.138+0000] {processor.py:914} INFO - Processing file /opt/airflow/dags/Borrar_datos.py for tasks to queue
[2026-02-12T02:34:44.142+0000] {logging_mixin.py:190} INFO - [2026-02-12T02:34:44.141+0000] {dagbag.py:588} INFO - Filling up the DagBag from /opt/airflow/dags/Borrar_datos.py
[2026-02-12T02:34:44.161+0000] {processor.py:925} INFO - DAG(s) '1-clean_data_dag' retrieved from /opt/airflow/dags/Borrar_datos.py
[2026-02-12T02:34:44.180+0000] {logging_mixin.py:190} INFO - [2026-02-12T02:34:44.179+0000] {dag.py:3239} INFO - Sync 1 DAGs
[2026-02-12T02:34:44.216+0000] {logging_mixin.py:190} INFO - [2026-02-12T02:34:44.216+0000] {dag.py:4180} INFO - Setting next_dagrun for 1-clean_data_dag to 2026-02-11 01:00:00+00:00, run_after=2026-02-12 01:00:00+00:00
[2026-02-12T02:34:44.243+0000] {processor.py:208} INFO - Processing /opt/airflow/dags/Borrar_datos.py took 0.116 seconds
[2026-02-12T02:34:49.539+0000] {processor.py:186} INFO - Started process (PID=262) to work on /opt/airflow/dags/Borrar_datos.py
[2026-02-12T02:34:49.540+0000] {processor.py:914} INFO - Processing file /opt/airflow/dags/Borrar_datos.py for tasks to queue
[2026-02-12T02:34:49.543+0000] {logging_mixin.py:190} INFO - [2026-02-12T02:34:49.543+0000] {dagbag.py:588} INFO - Filling up the DagBag from /opt/airflow/dags/Borrar_datos.py
[2026-02-12T02:34:49.561+0000] {processor.py:925} INFO - DAG(s) '1-clean_data_dag' retrieved from /opt/airflow/dags/Borrar_datos.py
[2026-02-12T02:34:49.581+0000] {logging_mixin.py:190} INFO - [2026-02-12T02:34:49.581+0000] {dag.py:3239} INFO - Sync 1 DAGs
[2026-02-12T02:34:49.622+0000] {logging_mixin.py:190} INFO - [2026-02-12T02:34:49.621+0000] {dag.py:4180} INFO - Setting next_dagrun for 1-clean_data_dag to 2026-02-11 01:00:00+00:00, run_after=2026-02-12 01:00:00+00:00
[2026-02-12T02:34:49.648+0000] {processor.py:208} INFO - Processing /opt/airflow/dags/Borrar_datos.py took 0.122 seconds
[2026-02-12T02:35:04.228+0000] {processor.py:186} INFO - Started process (PID=304) to work on /opt/airflow/dags/Borrar_datos.py
[2026-02-12T02:35:04.230+0000] {processor.py:914} INFO - Processing file /opt/airflow/dags/Borrar_datos.py for tasks to queue
[2026-02-12T02:35:04.235+0000] {logging_mixin.py:190} INFO - [2026-02-12T02:35:04.234+0000] {dagbag.py:588} INFO - Filling up the DagBag from /opt/airflow/dags/Borrar_datos.py
[2026-02-12T02:35:04.261+0000] {processor.py:925} INFO - DAG(s) '1-clean_data_dag' retrieved from /opt/airflow/dags/Borrar_datos.py
[2026-02-12T02:35:04.303+0000] {logging_mixin.py:190} INFO - [2026-02-12T02:35:04.302+0000] {dag.py:3239} INFO - Sync 1 DAGs
[2026-02-12T02:35:04.341+0000] {logging_mixin.py:190} INFO - [2026-02-12T02:35:04.341+0000] {dag.py:4180} INFO - Setting next_dagrun for 1-clean_data_dag to 2026-02-11 01:00:00+00:00, run_after=2026-02-12 01:00:00+00:00
[2026-02-12T02:35:04.374+0000] {processor.py:208} INFO - Processing /opt/airflow/dags/Borrar_datos.py took 0.156 seconds
[2026-02-12T02:35:19.190+0000] {processor.py:186} INFO - Started process (PID=341) to work on /opt/airflow/dags/Borrar_datos.py
[2026-02-12T02:35:19.190+0000] {processor.py:914} INFO - Processing file /opt/airflow/dags/Borrar_datos.py for tasks to queue
[2026-02-12T02:35:19.192+0000] {logging_mixin.py:190} INFO - [2026-02-12T02:35:19.192+0000] {dagbag.py:588} INFO - Filling up the DagBag from /opt/airflow/dags/Borrar_datos.py
[2026-02-12T02:35:19.199+0000] {processor.py:925} INFO - DAG(s) '1-clean_data_dag' retrieved from /opt/airflow/dags/Borrar_datos.py
[2026-02-12T02:35:19.223+0000] {logging_mixin.py:190} INFO - [2026-02-12T02:35:19.223+0000] {dag.py:3239} INFO - Sync 1 DAGs
[2026-02-12T02:35:19.241+0000] {logging_mixin.py:190} INFO - [2026-02-12T02:35:19.241+0000] {dag.py:4180} INFO - Setting next_dagrun for 1-clean_data_dag to 2026-02-11 01:00:00+00:00, run_after=2026-02-12 01:00:00+00:00
[2026-02-12T02:35:19.260+0000] {processor.py:208} INFO - Processing /opt/airflow/dags/Borrar_datos.py took 0.081 seconds
[2026-02-12T02:35:24.375+0000] {processor.py:186} INFO - Started process (PID=378) to work on /opt/airflow/dags/Borrar_datos.py
[2026-02-12T02:35:24.377+0000] {processor.py:914} INFO - Processing file /opt/airflow/dags/Borrar_datos.py for tasks to queue
[2026-02-12T02:35:24.381+0000] {logging_mixin.py:190} INFO - [2026-02-12T02:35:24.380+0000] {dagbag.py:588} INFO - Filling up the DagBag from /opt/airflow/dags/Borrar_datos.py
[2026-02-12T02:35:24.398+0000] {processor.py:925} INFO - DAG(s) '1-clean_data_dag' retrieved from /opt/airflow/dags/Borrar_datos.py
[2026-02-12T02:35:24.441+0000] {logging_mixin.py:190} INFO - [2026-02-12T02:35:24.441+0000] {dag.py:3239} INFO - Sync 1 DAGs
[2026-02-12T02:35:24.484+0000] {logging_mixin.py:190} INFO - [2026-02-12T02:35:24.484+0000] {dag.py:4180} INFO - Setting next_dagrun for 1-clean_data_dag to 2026-02-11 01:00:00+00:00, run_after=2026-02-12 01:00:00+00:00
[2026-02-12T02:35:24.524+0000] {processor.py:208} INFO - Processing /opt/airflow/dags/Borrar_datos.py took 0.160 seconds
[2026-02-12T02:35:39.264+0000] {processor.py:186} INFO - Started process (PID=421) to work on /opt/airflow/dags/Borrar_datos.py
[2026-02-12T02:35:39.267+0000] {processor.py:914} INFO - Processing file /opt/airflow/dags/Borrar_datos.py for tasks to queue
[2026-02-12T02:35:39.273+0000] {logging_mixin.py:190} INFO - [2026-02-12T02:35:39.272+0000] {dagbag.py:588} INFO - Filling up the DagBag from /opt/airflow/dags/Borrar_datos.py
[2026-02-12T02:35:39.289+0000] {processor.py:925} INFO - DAG(s) '1-clean_data_dag' retrieved from /opt/airflow/dags/Borrar_datos.py
[2026-02-12T02:35:39.336+0000] {logging_mixin.py:190} INFO - [2026-02-12T02:35:39.336+0000] {dag.py:3239} INFO - Sync 1 DAGs
[2026-02-12T02:35:39.380+0000] {logging_mixin.py:190} INFO - [2026-02-12T02:35:39.379+0000] {dag.py:4180} INFO - Setting next_dagrun for 1-clean_data_dag to 2026-02-11 01:00:00+00:00, run_after=2026-02-12 01:00:00+00:00
[2026-02-12T02:35:39.413+0000] {processor.py:208} INFO - Processing /opt/airflow/dags/Borrar_datos.py took 0.163 seconds
[2026-02-12T02:35:59.069+0000] {processor.py:186} INFO - Started process (PID=464) to work on /opt/airflow/dags/Borrar_datos.py
[2026-02-12T02:35:59.070+0000] {processor.py:914} INFO - Processing file /opt/airflow/dags/Borrar_datos.py for tasks to queue
[2026-02-12T02:35:59.073+0000] {logging_mixin.py:190} INFO - [2026-02-12T02:35:59.073+0000] {dagbag.py:588} INFO - Filling up the DagBag from /opt/airflow/dags/Borrar_datos.py
[2026-02-12T02:35:59.089+0000] {processor.py:925} INFO - DAG(s) '1-clean_data_dag' retrieved from /opt/airflow/dags/Borrar_datos.py
[2026-02-12T02:35:59.131+0000] {logging_mixin.py:190} INFO - [2026-02-12T02:35:59.131+0000] {dag.py:3239} INFO - Sync 1 DAGs
[2026-02-12T02:35:59.170+0000] {logging_mixin.py:190} INFO - [2026-02-12T02:35:59.169+0000] {dag.py:4180} INFO - Setting next_dagrun for 1-clean_data_dag to 2026-02-11 01:00:00+00:00, run_after=2026-02-12 01:00:00+00:00
[2026-02-12T02:35:59.205+0000] {processor.py:208} INFO - Processing /opt/airflow/dags/Borrar_datos.py took 0.148 seconds
[2026-02-12T02:36:04.387+0000] {processor.py:186} INFO - Started process (PID=501) to work on /opt/airflow/dags/Borrar_datos.py
[2026-02-12T02:36:04.388+0000] {processor.py:914} INFO - Processing file /opt/airflow/dags/Borrar_datos.py for tasks to queue
[2026-02-12T02:36:04.391+0000] {logging_mixin.py:190} INFO - [2026-02-12T02:36:04.391+0000] {dagbag.py:588} INFO - Filling up the DagBag from /opt/airflow/dags/Borrar_datos.py
[2026-02-12T02:36:04.405+0000] {processor.py:925} INFO - DAG(s) '1-clean_data_dag' retrieved from /opt/airflow/dags/Borrar_datos.py
[2026-02-12T02:36:04.443+0000] {logging_mixin.py:190} INFO - [2026-02-12T02:36:04.442+0000] {dag.py:3239} INFO - Sync 1 DAGs
[2026-02-12T02:36:04.480+0000] {logging_mixin.py:190} INFO - [2026-02-12T02:36:04.479+0000] {dag.py:4180} INFO - Setting next_dagrun for 1-clean_data_dag to 2026-02-11 01:00:00+00:00, run_after=2026-02-12 01:00:00+00:00
[2026-02-12T02:36:04.514+0000] {processor.py:208} INFO - Processing /opt/airflow/dags/Borrar_datos.py took 0.136 seconds
[2026-02-12T02:36:34.412+0000] {processor.py:186} INFO - Started process (PID=544) to work on /opt/airflow/dags/Borrar_datos.py
[2026-02-12T02:36:34.419+0000] {processor.py:914} INFO - Processing file /opt/airflow/dags/Borrar_datos.py for tasks to queue
[2026-02-12T02:36:34.422+0000] {logging_mixin.py:190} INFO - [2026-02-12T02:36:34.421+0000] {dagbag.py:588} INFO - Filling up the DagBag from /opt/airflow/dags/Borrar_datos.py
[2026-02-12T02:36:34.437+0000] {processor.py:925} INFO - DAG(s) '1-clean_data_dag' retrieved from /opt/airflow/dags/Borrar_datos.py
[2026-02-12T02:36:34.473+0000] {logging_mixin.py:190} INFO - [2026-02-12T02:36:34.473+0000] {dag.py:3239} INFO - Sync 1 DAGs
[2026-02-12T02:36:34.507+0000] {logging_mixin.py:190} INFO - [2026-02-12T02:36:34.507+0000] {dag.py:4180} INFO - Setting next_dagrun for 1-clean_data_dag to 2026-02-11 01:00:00+00:00, run_after=2026-02-12 01:00:00+00:00
[2026-02-12T02:36:34.531+0000] {processor.py:208} INFO - Processing /opt/airflow/dags/Borrar_datos.py took 0.128 seconds
[2026-02-12T02:37:04.449+0000] {processor.py:186} INFO - Started process (PID=587) to work on /opt/airflow/dags/Borrar_datos.py
[2026-02-12T02:37:04.451+0000] {processor.py:914} INFO - Processing file /opt/airflow/dags/Borrar_datos.py for tasks to queue
[2026-02-12T02:37:04.454+0000] {logging_mixin.py:190} INFO - [2026-02-12T02:37:04.454+0000] {dagbag.py:588} INFO - Filling up the DagBag from /opt/airflow/dags/Borrar_datos.py
[2026-02-12T02:37:04.469+0000] {processor.py:925} INFO - DAG(s) '1-clean_data_dag' retrieved from /opt/airflow/dags/Borrar_datos.py
[2026-02-12T02:37:04.512+0000] {logging_mixin.py:190} INFO - [2026-02-12T02:37:04.511+0000] {dag.py:3239} INFO - Sync 1 DAGs
[2026-02-12T02:37:04.545+0000] {logging_mixin.py:190} INFO - [2026-02-12T02:37:04.544+0000] {dag.py:4180} INFO - Setting next_dagrun for 1-clean_data_dag to 2026-02-11 01:00:00+00:00, run_after=2026-02-12 01:00:00+00:00
[2026-02-12T02:37:04.570+0000] {processor.py:208} INFO - Processing /opt/airflow/dags/Borrar_datos.py took 0.132 seconds
[2026-02-12T02:37:14.396+0000] {processor.py:186} INFO - Started process (PID=624) to work on /opt/airflow/dags/Borrar_datos.py
[2026-02-12T02:37:14.399+0000] {processor.py:914} INFO - Processing file /opt/airflow/dags/Borrar_datos.py for tasks to queue
[2026-02-12T02:37:14.402+0000] {logging_mixin.py:190} INFO - [2026-02-12T02:37:14.401+0000] {dagbag.py:588} INFO - Filling up the DagBag from /opt/airflow/dags/Borrar_datos.py
[2026-02-12T02:37:14.418+0000] {processor.py:925} INFO - DAG(s) '1-clean_data_dag' retrieved from /opt/airflow/dags/Borrar_datos.py
[2026-02-12T02:37:14.454+0000] {logging_mixin.py:190} INFO - [2026-02-12T02:37:14.453+0000] {dag.py:3239} INFO - Sync 1 DAGs
[2026-02-12T02:37:14.489+0000] {logging_mixin.py:190} INFO - [2026-02-12T02:37:14.488+0000] {dag.py:4180} INFO - Setting next_dagrun for 1-clean_data_dag to 2026-02-11 01:00:00+00:00, run_after=2026-02-12 01:00:00+00:00
[2026-02-12T02:37:14.520+0000] {processor.py:208} INFO - Processing /opt/airflow/dags/Borrar_datos.py took 0.135 seconds
[2026-02-12T02:37:39.586+0000] {processor.py:186} INFO - Started process (PID=667) to work on /opt/airflow/dags/Borrar_datos.py
[2026-02-12T02:37:39.587+0000] {processor.py:914} INFO - Processing file /opt/airflow/dags/Borrar_datos.py for tasks to queue
[2026-02-12T02:37:39.590+0000] {logging_mixin.py:190} INFO - [2026-02-12T02:37:39.590+0000] {dagbag.py:588} INFO - Filling up the DagBag from /opt/airflow/dags/Borrar_datos.py
[2026-02-12T02:37:39.607+0000] {processor.py:925} INFO - DAG(s) '1-clean_data_dag' retrieved from /opt/airflow/dags/Borrar_datos.py
[2026-02-12T02:37:39.650+0000] {logging_mixin.py:190} INFO - [2026-02-12T02:37:39.650+0000] {dag.py:3239} INFO - Sync 1 DAGs
[2026-02-12T02:37:39.698+0000] {logging_mixin.py:190} INFO - [2026-02-12T02:37:39.698+0000] {dag.py:4180} INFO - Setting next_dagrun for 1-clean_data_dag to 2026-02-11 01:00:00+00:00, run_after=2026-02-12 01:00:00+00:00
[2026-02-12T02:37:39.727+0000] {processor.py:208} INFO - Processing /opt/airflow/dags/Borrar_datos.py took 0.152 seconds
[2026-02-12T02:37:44.568+0000] {processor.py:186} INFO - Started process (PID=704) to work on /opt/airflow/dags/Borrar_datos.py
[2026-02-12T02:37:44.569+0000] {processor.py:914} INFO - Processing file /opt/airflow/dags/Borrar_datos.py for tasks to queue
[2026-02-12T02:37:44.572+0000] {logging_mixin.py:190} INFO - [2026-02-12T02:37:44.572+0000] {dagbag.py:588} INFO - Filling up the DagBag from /opt/airflow/dags/Borrar_datos.py
[2026-02-12T02:37:44.587+0000] {processor.py:925} INFO - DAG(s) '1-clean_data_dag' retrieved from /opt/airflow/dags/Borrar_datos.py
[2026-02-12T02:37:44.629+0000] {logging_mixin.py:190} INFO - [2026-02-12T02:37:44.629+0000] {dag.py:3239} INFO - Sync 1 DAGs
[2026-02-12T02:37:44.666+0000] {logging_mixin.py:190} INFO - [2026-02-12T02:37:44.665+0000] {dag.py:4180} INFO - Setting next_dagrun for 1-clean_data_dag to 2026-02-11 01:00:00+00:00, run_after=2026-02-12 01:00:00+00:00
[2026-02-12T02:37:44.698+0000] {processor.py:208} INFO - Processing /opt/airflow/dags/Borrar_datos.py took 0.144 seconds
[2026-02-12T02:37:54.624+0000] {processor.py:186} INFO - Started process (PID=741) to work on /opt/airflow/dags/Borrar_datos.py
[2026-02-12T02:37:54.627+0000] {processor.py:914} INFO - Processing file /opt/airflow/dags/Borrar_datos.py for tasks to queue
[2026-02-12T02:37:54.632+0000] {logging_mixin.py:190} INFO - [2026-02-12T02:37:54.631+0000] {dagbag.py:588} INFO - Filling up the DagBag from /opt/airflow/dags/Borrar_datos.py
[2026-02-12T02:37:54.649+0000] {processor.py:925} INFO - DAG(s) '1-clean_data_dag' retrieved from /opt/airflow/dags/Borrar_datos.py
[2026-02-12T02:37:54.697+0000] {logging_mixin.py:190} INFO - [2026-02-12T02:37:54.696+0000] {dag.py:3239} INFO - Sync 1 DAGs
[2026-02-12T02:37:54.735+0000] {logging_mixin.py:190} INFO - [2026-02-12T02:37:54.734+0000] {dag.py:4180} INFO - Setting next_dagrun for 1-clean_data_dag to 2026-02-11 01:00:00+00:00, run_after=2026-02-12 01:00:00+00:00
[2026-02-12T02:37:54.764+0000] {processor.py:208} INFO - Processing /opt/airflow/dags/Borrar_datos.py took 0.150 seconds
[2026-02-12T02:38:24.608+0000] {processor.py:186} INFO - Started process (PID=784) to work on /opt/airflow/dags/Borrar_datos.py
[2026-02-12T02:38:24.610+0000] {processor.py:914} INFO - Processing file /opt/airflow/dags/Borrar_datos.py for tasks to queue
[2026-02-12T02:38:24.615+0000] {logging_mixin.py:190} INFO - [2026-02-12T02:38:24.613+0000] {dagbag.py:588} INFO - Filling up the DagBag from /opt/airflow/dags/Borrar_datos.py
[2026-02-12T02:38:24.630+0000] {processor.py:925} INFO - DAG(s) '1-clean_data_dag' retrieved from /opt/airflow/dags/Borrar_datos.py
[2026-02-12T02:38:24.668+0000] {logging_mixin.py:190} INFO - [2026-02-12T02:38:24.668+0000] {dag.py:3239} INFO - Sync 1 DAGs
[2026-02-12T02:38:24.702+0000] {logging_mixin.py:190} INFO - [2026-02-12T02:38:24.702+0000] {dag.py:4180} INFO - Setting next_dagrun for 1-clean_data_dag to 2026-02-11 01:00:00+00:00, run_after=2026-02-12 01:00:00+00:00
[2026-02-12T02:38:24.729+0000] {processor.py:208} INFO - Processing /opt/airflow/dags/Borrar_datos.py took 0.130 seconds
[2026-02-12T02:38:44.726+0000] {processor.py:186} INFO - Started process (PID=827) to work on /opt/airflow/dags/Borrar_datos.py
[2026-02-12T02:38:44.728+0000] {processor.py:914} INFO - Processing file /opt/airflow/dags/Borrar_datos.py for tasks to queue
[2026-02-12T02:38:44.733+0000] {logging_mixin.py:190} INFO - [2026-02-12T02:38:44.732+0000] {dagbag.py:588} INFO - Filling up the DagBag from /opt/airflow/dags/Borrar_datos.py
[2026-02-12T02:38:44.757+0000] {processor.py:925} INFO - DAG(s) '1-clean_data_dag' retrieved from /opt/airflow/dags/Borrar_datos.py
[2026-02-12T02:38:44.804+0000] {logging_mixin.py:190} INFO - [2026-02-12T02:38:44.803+0000] {dag.py:3239} INFO - Sync 1 DAGs
[2026-02-12T02:38:44.848+0000] {logging_mixin.py:190} INFO - [2026-02-12T02:38:44.848+0000] {dag.py:4180} INFO - Setting next_dagrun for 1-clean_data_dag to 2026-02-11 01:00:00+00:00, run_after=2026-02-12 01:00:00+00:00
[2026-02-12T02:38:44.877+0000] {processor.py:208} INFO - Processing /opt/airflow/dags/Borrar_datos.py took 0.162 seconds
