[2026-02-12T02:34:29.501+0000] {processor.py:186} INFO - Started process (PID=119) to work on /opt/airflow/dags/Entrenamiento_mode.py
[2026-02-12T02:34:29.502+0000] {processor.py:914} INFO - Processing file /opt/airflow/dags/Entrenamiento_mode.py for tasks to queue
[2026-02-12T02:34:29.505+0000] {logging_mixin.py:190} INFO - [2026-02-12T02:34:29.505+0000] {dagbag.py:588} INFO - Filling up the DagBag from /opt/airflow/dags/Entrenamiento_mode.py
[2026-02-12T02:34:31.713+0000] {processor.py:925} INFO - DAG(s) '4-Entrenamiento_model' retrieved from /opt/airflow/dags/Entrenamiento_mode.py
[2026-02-12T02:34:31.849+0000] {logging_mixin.py:190} INFO - [2026-02-12T02:34:31.848+0000] {override.py:1901} INFO - Created Permission View: can delete on DAG:4-Entrenamiento_model
[2026-02-12T02:34:31.879+0000] {logging_mixin.py:190} INFO - [2026-02-12T02:34:31.879+0000] {override.py:1901} INFO - Created Permission View: can edit on DAG:4-Entrenamiento_model
[2026-02-12T02:34:31.891+0000] {logging_mixin.py:190} INFO - [2026-02-12T02:34:31.890+0000] {override.py:1901} INFO - Created Permission View: can read on DAG:4-Entrenamiento_model
[2026-02-12T02:34:31.906+0000] {logging_mixin.py:190} INFO - [2026-02-12T02:34:31.905+0000] {override.py:1901} INFO - Created Permission View: can delete on DAG Run:4-Entrenamiento_model
[2026-02-12T02:34:31.917+0000] {logging_mixin.py:190} INFO - [2026-02-12T02:34:31.916+0000] {override.py:1901} INFO - Created Permission View: menu access on DAG Run:4-Entrenamiento_model
[2026-02-12T02:34:31.936+0000] {logging_mixin.py:190} INFO - [2026-02-12T02:34:31.935+0000] {override.py:1901} INFO - Created Permission View: can read on DAG Run:4-Entrenamiento_model
[2026-02-12T02:34:31.949+0000] {logging_mixin.py:190} INFO - [2026-02-12T02:34:31.948+0000] {override.py:1901} INFO - Created Permission View: can create on DAG Run:4-Entrenamiento_model
[2026-02-12T02:34:31.950+0000] {logging_mixin.py:190} INFO - [2026-02-12T02:34:31.950+0000] {dag.py:3239} INFO - Sync 1 DAGs
[2026-02-12T02:34:31.969+0000] {logging_mixin.py:190} INFO - [2026-02-12T02:34:31.968+0000] {dag.py:3262} INFO - Creating ORM DAG for 4-Entrenamiento_model
[2026-02-12T02:34:31.987+0000] {logging_mixin.py:190} INFO - [2026-02-12T02:34:31.986+0000] {dag.py:4180} INFO - Setting next_dagrun for 4-Entrenamiento_model to 2026-02-11 00:02:00+00:00, run_after=2026-02-12 00:02:00+00:00
[2026-02-12T02:34:32.009+0000] {processor.py:208} INFO - Processing /opt/airflow/dags/Entrenamiento_mode.py took 2.519 seconds
[2026-02-12T02:34:37.849+0000] {processor.py:186} INFO - Started process (PID=156) to work on /opt/airflow/dags/Entrenamiento_mode.py
[2026-02-12T02:34:37.851+0000] {processor.py:914} INFO - Processing file /opt/airflow/dags/Entrenamiento_mode.py for tasks to queue
[2026-02-12T02:34:37.855+0000] {logging_mixin.py:190} INFO - [2026-02-12T02:34:37.854+0000] {dagbag.py:588} INFO - Filling up the DagBag from /opt/airflow/dags/Entrenamiento_mode.py
[2026-02-12T02:34:39.407+0000] {processor.py:925} INFO - DAG(s) '4-Entrenamiento_model' retrieved from /opt/airflow/dags/Entrenamiento_mode.py
[2026-02-12T02:34:39.426+0000] {logging_mixin.py:190} INFO - [2026-02-12T02:34:39.425+0000] {dag.py:3239} INFO - Sync 1 DAGs
[2026-02-12T02:34:39.679+0000] {logging_mixin.py:190} INFO - [2026-02-12T02:34:39.678+0000] {dag.py:4180} INFO - Setting next_dagrun for 4-Entrenamiento_model to 2026-02-11 00:02:00+00:00, run_after=2026-02-12 00:02:00+00:00
[2026-02-12T02:34:39.711+0000] {processor.py:208} INFO - Processing /opt/airflow/dags/Entrenamiento_mode.py took 1.871 seconds
[2026-02-12T02:34:42.873+0000] {processor.py:186} INFO - Started process (PID=193) to work on /opt/airflow/dags/Entrenamiento_mode.py
[2026-02-12T02:34:42.874+0000] {processor.py:914} INFO - Processing file /opt/airflow/dags/Entrenamiento_mode.py for tasks to queue
[2026-02-12T02:34:42.878+0000] {logging_mixin.py:190} INFO - [2026-02-12T02:34:42.877+0000] {dagbag.py:588} INFO - Filling up the DagBag from /opt/airflow/dags/Entrenamiento_mode.py
[2026-02-12T02:34:44.510+0000] {processor.py:925} INFO - DAG(s) '4-Entrenamiento_model' retrieved from /opt/airflow/dags/Entrenamiento_mode.py
[2026-02-12T02:34:44.784+0000] {logging_mixin.py:190} INFO - [2026-02-12T02:34:44.783+0000] {dag.py:3239} INFO - Sync 1 DAGs
[2026-02-12T02:34:44.822+0000] {logging_mixin.py:190} INFO - [2026-02-12T02:34:44.821+0000] {dag.py:4180} INFO - Setting next_dagrun for 4-Entrenamiento_model to 2026-02-11 00:02:00+00:00, run_after=2026-02-12 00:02:00+00:00
[2026-02-12T02:34:44.853+0000] {processor.py:208} INFO - Processing /opt/airflow/dags/Entrenamiento_mode.py took 1.989 seconds
[2026-02-12T02:34:48.143+0000] {processor.py:186} INFO - Started process (PID=230) to work on /opt/airflow/dags/Entrenamiento_mode.py
[2026-02-12T02:34:48.144+0000] {processor.py:914} INFO - Processing file /opt/airflow/dags/Entrenamiento_mode.py for tasks to queue
[2026-02-12T02:34:48.148+0000] {logging_mixin.py:190} INFO - [2026-02-12T02:34:48.147+0000] {dagbag.py:588} INFO - Filling up the DagBag from /opt/airflow/dags/Entrenamiento_mode.py
[2026-02-12T02:34:49.882+0000] {processor.py:925} INFO - DAG(s) '4-Entrenamiento_model' retrieved from /opt/airflow/dags/Entrenamiento_mode.py
[2026-02-12T02:34:49.907+0000] {logging_mixin.py:190} INFO - [2026-02-12T02:34:49.906+0000] {dag.py:3239} INFO - Sync 1 DAGs
[2026-02-12T02:34:49.940+0000] {logging_mixin.py:190} INFO - [2026-02-12T02:34:49.940+0000] {dag.py:4180} INFO - Setting next_dagrun for 4-Entrenamiento_model to 2026-02-11 00:02:00+00:00, run_after=2026-02-12 00:02:00+00:00
[2026-02-12T02:34:49.973+0000] {processor.py:208} INFO - Processing /opt/airflow/dags/Entrenamiento_mode.py took 1.842 seconds
[2026-02-12T02:35:02.999+0000] {processor.py:186} INFO - Started process (PID=272) to work on /opt/airflow/dags/Entrenamiento_mode.py
[2026-02-12T02:35:03.002+0000] {processor.py:914} INFO - Processing file /opt/airflow/dags/Entrenamiento_mode.py for tasks to queue
[2026-02-12T02:35:03.007+0000] {logging_mixin.py:190} INFO - [2026-02-12T02:35:03.006+0000] {dagbag.py:588} INFO - Filling up the DagBag from /opt/airflow/dags/Entrenamiento_mode.py
[2026-02-12T02:35:04.649+0000] {processor.py:925} INFO - DAG(s) '4-Entrenamiento_model' retrieved from /opt/airflow/dags/Entrenamiento_mode.py
[2026-02-12T02:35:04.691+0000] {logging_mixin.py:190} INFO - [2026-02-12T02:35:04.690+0000] {dag.py:3239} INFO - Sync 1 DAGs
[2026-02-12T02:35:04.998+0000] {logging_mixin.py:190} INFO - [2026-02-12T02:35:04.997+0000] {dag.py:4180} INFO - Setting next_dagrun for 4-Entrenamiento_model to 2026-02-11 00:02:00+00:00, run_after=2026-02-12 00:02:00+00:00
[2026-02-12T02:35:05.040+0000] {processor.py:208} INFO - Processing /opt/airflow/dags/Entrenamiento_mode.py took 2.051 seconds
[2026-02-12T02:35:17.924+0000] {processor.py:186} INFO - Started process (PID=309) to work on /opt/airflow/dags/Entrenamiento_mode.py
[2026-02-12T02:35:17.925+0000] {processor.py:914} INFO - Processing file /opt/airflow/dags/Entrenamiento_mode.py for tasks to queue
[2026-02-12T02:35:17.928+0000] {logging_mixin.py:190} INFO - [2026-02-12T02:35:17.928+0000] {dagbag.py:588} INFO - Filling up the DagBag from /opt/airflow/dags/Entrenamiento_mode.py
[2026-02-12T02:35:19.341+0000] {processor.py:925} INFO - DAG(s) '4-Entrenamiento_model' retrieved from /opt/airflow/dags/Entrenamiento_mode.py
[2026-02-12T02:35:19.362+0000] {logging_mixin.py:190} INFO - [2026-02-12T02:35:19.361+0000] {dag.py:3239} INFO - Sync 1 DAGs
[2026-02-12T02:35:19.472+0000] {logging_mixin.py:190} INFO - [2026-02-12T02:35:19.472+0000] {dag.py:4180} INFO - Setting next_dagrun for 4-Entrenamiento_model to 2026-02-11 00:02:00+00:00, run_after=2026-02-12 00:02:00+00:00
[2026-02-12T02:35:19.484+0000] {processor.py:208} INFO - Processing /opt/airflow/dags/Entrenamiento_mode.py took 1.573 seconds
[2026-02-12T02:35:23.097+0000] {processor.py:186} INFO - Started process (PID=346) to work on /opt/airflow/dags/Entrenamiento_mode.py
[2026-02-12T02:35:23.099+0000] {processor.py:914} INFO - Processing file /opt/airflow/dags/Entrenamiento_mode.py for tasks to queue
[2026-02-12T02:35:23.102+0000] {logging_mixin.py:190} INFO - [2026-02-12T02:35:23.102+0000] {dagbag.py:588} INFO - Filling up the DagBag from /opt/airflow/dags/Entrenamiento_mode.py
[2026-02-12T02:35:24.730+0000] {processor.py:925} INFO - DAG(s) '4-Entrenamiento_model' retrieved from /opt/airflow/dags/Entrenamiento_mode.py
[2026-02-12T02:35:24.769+0000] {logging_mixin.py:190} INFO - [2026-02-12T02:35:24.768+0000] {dag.py:3239} INFO - Sync 1 DAGs
[2026-02-12T02:35:25.024+0000] {logging_mixin.py:190} INFO - [2026-02-12T02:35:25.023+0000] {dag.py:4180} INFO - Setting next_dagrun for 4-Entrenamiento_model to 2026-02-11 00:02:00+00:00, run_after=2026-02-12 00:02:00+00:00
[2026-02-12T02:35:25.056+0000] {processor.py:208} INFO - Processing /opt/airflow/dags/Entrenamiento_mode.py took 1.970 seconds
[2026-02-12T02:35:38.107+0000] {processor.py:186} INFO - Started process (PID=389) to work on /opt/airflow/dags/Entrenamiento_mode.py
[2026-02-12T02:35:38.109+0000] {processor.py:914} INFO - Processing file /opt/airflow/dags/Entrenamiento_mode.py for tasks to queue
[2026-02-12T02:35:38.113+0000] {logging_mixin.py:190} INFO - [2026-02-12T02:35:38.112+0000] {dagbag.py:588} INFO - Filling up the DagBag from /opt/airflow/dags/Entrenamiento_mode.py
[2026-02-12T02:35:39.707+0000] {processor.py:925} INFO - DAG(s) '4-Entrenamiento_model' retrieved from /opt/airflow/dags/Entrenamiento_mode.py
[2026-02-12T02:35:39.976+0000] {logging_mixin.py:190} INFO - [2026-02-12T02:35:39.975+0000] {dag.py:3239} INFO - Sync 1 DAGs
[2026-02-12T02:35:40.016+0000] {logging_mixin.py:190} INFO - [2026-02-12T02:35:40.015+0000] {dag.py:4180} INFO - Setting next_dagrun for 4-Entrenamiento_model to 2026-02-11 00:02:00+00:00, run_after=2026-02-12 00:02:00+00:00
[2026-02-12T02:35:40.044+0000] {processor.py:208} INFO - Processing /opt/airflow/dags/Entrenamiento_mode.py took 1.952 seconds
[2026-02-12T02:35:57.864+0000] {processor.py:186} INFO - Started process (PID=426) to work on /opt/airflow/dags/Entrenamiento_mode.py
[2026-02-12T02:35:57.865+0000] {processor.py:914} INFO - Processing file /opt/airflow/dags/Entrenamiento_mode.py for tasks to queue
[2026-02-12T02:35:57.869+0000] {logging_mixin.py:190} INFO - [2026-02-12T02:35:57.868+0000] {dagbag.py:588} INFO - Filling up the DagBag from /opt/airflow/dags/Entrenamiento_mode.py
[2026-02-12T02:35:59.692+0000] {processor.py:925} INFO - DAG(s) '4-Entrenamiento_model' retrieved from /opt/airflow/dags/Entrenamiento_mode.py
[2026-02-12T02:35:59.734+0000] {logging_mixin.py:190} INFO - [2026-02-12T02:35:59.733+0000] {dag.py:3239} INFO - Sync 1 DAGs
[2026-02-12T02:35:59.772+0000] {logging_mixin.py:190} INFO - [2026-02-12T02:35:59.772+0000] {dag.py:4180} INFO - Setting next_dagrun for 4-Entrenamiento_model to 2026-02-11 00:02:00+00:00, run_after=2026-02-12 00:02:00+00:00
[2026-02-12T02:35:59.808+0000] {processor.py:208} INFO - Processing /opt/airflow/dags/Entrenamiento_mode.py took 1.959 seconds
[2026-02-12T02:36:03.123+0000] {processor.py:186} INFO - Started process (PID=469) to work on /opt/airflow/dags/Entrenamiento_mode.py
[2026-02-12T02:36:03.125+0000] {processor.py:914} INFO - Processing file /opt/airflow/dags/Entrenamiento_mode.py for tasks to queue
[2026-02-12T02:36:03.128+0000] {logging_mixin.py:190} INFO - [2026-02-12T02:36:03.127+0000] {dagbag.py:588} INFO - Filling up the DagBag from /opt/airflow/dags/Entrenamiento_mode.py
[2026-02-12T02:36:04.666+0000] {processor.py:925} INFO - DAG(s) '4-Entrenamiento_model' retrieved from /opt/airflow/dags/Entrenamiento_mode.py
[2026-02-12T02:36:04.699+0000] {logging_mixin.py:190} INFO - [2026-02-12T02:36:04.698+0000] {dag.py:3239} INFO - Sync 1 DAGs
[2026-02-12T02:36:04.730+0000] {logging_mixin.py:190} INFO - [2026-02-12T02:36:04.730+0000] {dag.py:4180} INFO - Setting next_dagrun for 4-Entrenamiento_model to 2026-02-11 00:02:00+00:00, run_after=2026-02-12 00:02:00+00:00
[2026-02-12T02:36:04.981+0000] {processor.py:208} INFO - Processing /opt/airflow/dags/Entrenamiento_mode.py took 1.871 seconds
[2026-02-12T02:36:33.120+0000] {processor.py:186} INFO - Started process (PID=512) to work on /opt/airflow/dags/Entrenamiento_mode.py
[2026-02-12T02:36:33.123+0000] {processor.py:914} INFO - Processing file /opt/airflow/dags/Entrenamiento_mode.py for tasks to queue
[2026-02-12T02:36:33.127+0000] {logging_mixin.py:190} INFO - [2026-02-12T02:36:33.126+0000] {dagbag.py:588} INFO - Filling up the DagBag from /opt/airflow/dags/Entrenamiento_mode.py
[2026-02-12T02:36:34.698+0000] {processor.py:925} INFO - DAG(s) '4-Entrenamiento_model' retrieved from /opt/airflow/dags/Entrenamiento_mode.py
[2026-02-12T02:36:34.730+0000] {logging_mixin.py:190} INFO - [2026-02-12T02:36:34.730+0000] {dag.py:3239} INFO - Sync 1 DAGs
[2026-02-12T02:36:34.989+0000] {logging_mixin.py:190} INFO - [2026-02-12T02:36:34.989+0000] {dag.py:4180} INFO - Setting next_dagrun for 4-Entrenamiento_model to 2026-02-11 00:02:00+00:00, run_after=2026-02-12 00:02:00+00:00
[2026-02-12T02:36:35.013+0000] {processor.py:208} INFO - Processing /opt/airflow/dags/Entrenamiento_mode.py took 1.903 seconds
[2026-02-12T02:37:03.240+0000] {processor.py:186} INFO - Started process (PID=555) to work on /opt/airflow/dags/Entrenamiento_mode.py
[2026-02-12T02:37:03.241+0000] {processor.py:914} INFO - Processing file /opt/airflow/dags/Entrenamiento_mode.py for tasks to queue
[2026-02-12T02:37:03.245+0000] {logging_mixin.py:190} INFO - [2026-02-12T02:37:03.244+0000] {dagbag.py:588} INFO - Filling up the DagBag from /opt/airflow/dags/Entrenamiento_mode.py
[2026-02-12T02:37:04.900+0000] {processor.py:925} INFO - DAG(s) '4-Entrenamiento_model' retrieved from /opt/airflow/dags/Entrenamiento_mode.py
[2026-02-12T02:37:05.212+0000] {logging_mixin.py:190} INFO - [2026-02-12T02:37:05.211+0000] {dag.py:3239} INFO - Sync 1 DAGs
[2026-02-12T02:37:05.241+0000] {logging_mixin.py:190} INFO - [2026-02-12T02:37:05.240+0000] {dag.py:4180} INFO - Setting next_dagrun for 4-Entrenamiento_model to 2026-02-11 00:02:00+00:00, run_after=2026-02-12 00:02:00+00:00
[2026-02-12T02:37:05.264+0000] {processor.py:208} INFO - Processing /opt/airflow/dags/Entrenamiento_mode.py took 2.034 seconds
[2026-02-12T02:37:13.217+0000] {processor.py:186} INFO - Started process (PID=592) to work on /opt/airflow/dags/Entrenamiento_mode.py
[2026-02-12T02:37:13.219+0000] {processor.py:914} INFO - Processing file /opt/airflow/dags/Entrenamiento_mode.py for tasks to queue
[2026-02-12T02:37:13.223+0000] {logging_mixin.py:190} INFO - [2026-02-12T02:37:13.222+0000] {dagbag.py:588} INFO - Filling up the DagBag from /opt/airflow/dags/Entrenamiento_mode.py
[2026-02-12T02:37:15.027+0000] {processor.py:925} INFO - DAG(s) '4-Entrenamiento_model' retrieved from /opt/airflow/dags/Entrenamiento_mode.py
[2026-02-12T02:37:15.062+0000] {logging_mixin.py:190} INFO - [2026-02-12T02:37:15.061+0000] {dag.py:3239} INFO - Sync 1 DAGs
[2026-02-12T02:37:15.095+0000] {logging_mixin.py:190} INFO - [2026-02-12T02:37:15.095+0000] {dag.py:4180} INFO - Setting next_dagrun for 4-Entrenamiento_model to 2026-02-11 00:02:00+00:00, run_after=2026-02-12 00:02:00+00:00
[2026-02-12T02:37:15.122+0000] {processor.py:208} INFO - Processing /opt/airflow/dags/Entrenamiento_mode.py took 1.916 seconds
[2026-02-12T02:37:38.283+0000] {processor.py:186} INFO - Started process (PID=635) to work on /opt/airflow/dags/Entrenamiento_mode.py
[2026-02-12T02:37:38.285+0000] {processor.py:914} INFO - Processing file /opt/airflow/dags/Entrenamiento_mode.py for tasks to queue
[2026-02-12T02:37:38.290+0000] {logging_mixin.py:190} INFO - [2026-02-12T02:37:38.289+0000] {dagbag.py:588} INFO - Filling up the DagBag from /opt/airflow/dags/Entrenamiento_mode.py
[2026-02-12T02:37:40.230+0000] {processor.py:925} INFO - DAG(s) '4-Entrenamiento_model' retrieved from /opt/airflow/dags/Entrenamiento_mode.py
[2026-02-12T02:37:40.273+0000] {logging_mixin.py:190} INFO - [2026-02-12T02:37:40.272+0000] {dag.py:3239} INFO - Sync 1 DAGs
[2026-02-12T02:37:40.306+0000] {logging_mixin.py:190} INFO - [2026-02-12T02:37:40.305+0000] {dag.py:4180} INFO - Setting next_dagrun for 4-Entrenamiento_model to 2026-02-11 00:02:00+00:00, run_after=2026-02-12 00:02:00+00:00
[2026-02-12T02:37:40.341+0000] {processor.py:208} INFO - Processing /opt/airflow/dags/Entrenamiento_mode.py took 2.069 seconds
[2026-02-12T02:37:43.268+0000] {processor.py:186} INFO - Started process (PID=672) to work on /opt/airflow/dags/Entrenamiento_mode.py
[2026-02-12T02:37:43.270+0000] {processor.py:914} INFO - Processing file /opt/airflow/dags/Entrenamiento_mode.py for tasks to queue
[2026-02-12T02:37:43.273+0000] {logging_mixin.py:190} INFO - [2026-02-12T02:37:43.273+0000] {dagbag.py:588} INFO - Filling up the DagBag from /opt/airflow/dags/Entrenamiento_mode.py
[2026-02-12T02:37:44.941+0000] {processor.py:925} INFO - DAG(s) '4-Entrenamiento_model' retrieved from /opt/airflow/dags/Entrenamiento_mode.py
[2026-02-12T02:37:44.976+0000] {logging_mixin.py:190} INFO - [2026-02-12T02:37:44.975+0000] {dag.py:3239} INFO - Sync 1 DAGs
[2026-02-12T02:37:45.275+0000] {logging_mixin.py:190} INFO - [2026-02-12T02:37:45.274+0000] {dag.py:4180} INFO - Setting next_dagrun for 4-Entrenamiento_model to 2026-02-11 00:02:00+00:00, run_after=2026-02-12 00:02:00+00:00
[2026-02-12T02:37:45.301+0000] {processor.py:208} INFO - Processing /opt/airflow/dags/Entrenamiento_mode.py took 2.048 seconds
[2026-02-12T02:37:53.265+0000] {processor.py:186} INFO - Started process (PID=709) to work on /opt/airflow/dags/Entrenamiento_mode.py
[2026-02-12T02:37:53.267+0000] {processor.py:914} INFO - Processing file /opt/airflow/dags/Entrenamiento_mode.py for tasks to queue
[2026-02-12T02:37:53.270+0000] {logging_mixin.py:190} INFO - [2026-02-12T02:37:53.270+0000] {dagbag.py:588} INFO - Filling up the DagBag from /opt/airflow/dags/Entrenamiento_mode.py
[2026-02-12T02:37:55.050+0000] {processor.py:925} INFO - DAG(s) '4-Entrenamiento_model' retrieved from /opt/airflow/dags/Entrenamiento_mode.py
[2026-02-12T02:37:55.087+0000] {logging_mixin.py:190} INFO - [2026-02-12T02:37:55.086+0000] {dag.py:3239} INFO - Sync 1 DAGs
[2026-02-12T02:37:55.124+0000] {logging_mixin.py:190} INFO - [2026-02-12T02:37:55.124+0000] {dag.py:4180} INFO - Setting next_dagrun for 4-Entrenamiento_model to 2026-02-11 00:02:00+00:00, run_after=2026-02-12 00:02:00+00:00
[2026-02-12T02:37:55.155+0000] {processor.py:208} INFO - Processing /opt/airflow/dags/Entrenamiento_mode.py took 1.905 seconds
[2026-02-12T02:38:23.326+0000] {processor.py:186} INFO - Started process (PID=752) to work on /opt/airflow/dags/Entrenamiento_mode.py
[2026-02-12T02:38:23.328+0000] {processor.py:914} INFO - Processing file /opt/airflow/dags/Entrenamiento_mode.py for tasks to queue
[2026-02-12T02:38:23.332+0000] {logging_mixin.py:190} INFO - [2026-02-12T02:38:23.332+0000] {dagbag.py:588} INFO - Filling up the DagBag from /opt/airflow/dags/Entrenamiento_mode.py
[2026-02-12T02:38:25.189+0000] {processor.py:925} INFO - DAG(s) '4-Entrenamiento_model' retrieved from /opt/airflow/dags/Entrenamiento_mode.py
[2026-02-12T02:38:25.231+0000] {logging_mixin.py:190} INFO - [2026-02-12T02:38:25.231+0000] {dag.py:3239} INFO - Sync 1 DAGs
[2026-02-12T02:38:25.254+0000] {logging_mixin.py:190} INFO - [2026-02-12T02:38:25.253+0000] {dag.py:4180} INFO - Setting next_dagrun for 4-Entrenamiento_model to 2026-02-11 00:02:00+00:00, run_after=2026-02-12 00:02:00+00:00
[2026-02-12T02:38:25.289+0000] {processor.py:208} INFO - Processing /opt/airflow/dags/Entrenamiento_mode.py took 1.972 seconds
[2026-02-12T02:38:43.381+0000] {processor.py:186} INFO - Started process (PID=795) to work on /opt/airflow/dags/Entrenamiento_mode.py
[2026-02-12T02:38:43.382+0000] {processor.py:914} INFO - Processing file /opt/airflow/dags/Entrenamiento_mode.py for tasks to queue
[2026-02-12T02:38:43.386+0000] {logging_mixin.py:190} INFO - [2026-02-12T02:38:43.385+0000] {dagbag.py:588} INFO - Filling up the DagBag from /opt/airflow/dags/Entrenamiento_mode.py
[2026-02-12T02:38:45.355+0000] {processor.py:925} INFO - DAG(s) '4-Entrenamiento_model' retrieved from /opt/airflow/dags/Entrenamiento_mode.py
[2026-02-12T02:38:45.395+0000] {logging_mixin.py:190} INFO - [2026-02-12T02:38:45.394+0000] {dag.py:3239} INFO - Sync 1 DAGs
[2026-02-12T02:38:45.444+0000] {logging_mixin.py:190} INFO - [2026-02-12T02:38:45.443+0000] {dag.py:4180} INFO - Setting next_dagrun for 4-Entrenamiento_model to 2026-02-11 00:02:00+00:00, run_after=2026-02-12 00:02:00+00:00
[2026-02-12T02:38:45.477+0000] {processor.py:208} INFO - Processing /opt/airflow/dags/Entrenamiento_mode.py took 2.107 seconds
[2026-02-12T02:38:48.399+0000] {processor.py:186} INFO - Started process (PID=832) to work on /opt/airflow/dags/Entrenamiento_mode.py
[2026-02-12T02:38:48.401+0000] {processor.py:914} INFO - Processing file /opt/airflow/dags/Entrenamiento_mode.py for tasks to queue
[2026-02-12T02:38:48.404+0000] {logging_mixin.py:190} INFO - [2026-02-12T02:38:48.403+0000] {dagbag.py:588} INFO - Filling up the DagBag from /opt/airflow/dags/Entrenamiento_mode.py
[2026-02-12T02:38:51.587+0000] {logging_mixin.py:190} INFO - [2026-02-12T02:38:51.586+0000] {process_utils.py:266} INFO - Waiting up to 5 seconds for processes to exit...
